# JRE version: OpenJDK Runtime Environment Temurin-17.0.14+7 (17.0.14+7) (build 17.0.14+7)
# Java VM: OpenJDK 64-Bit Server VM Temurin-17.0.14+7 (17.0.14+7, mixed mode, sharing, tiered, compressed oops, compressed class ptrs, g1 gc, windows-amd64)
GC Precious Log:
 CPUs: 4 total, 4 available
 Memory: 8014M
 Large Page Support: Disabled
 NUMA Support: Disabled
 Compressed Oops: Enabled (Zero based)
 Heap Region Size: 4M
 Heap Min Capacity: 8M
 Heap Initial Capacity: 128M
 Heap Max Capacity: 4536M
 Pre-touch: Disabled
 Parallel Workers: 4
 Concurrent Workers: 1
 Concurrent Refinement Workers: 4
 Periodic GC: Disabled
Heap:
 garbage-first heap   total 131072K, used 36327K [0x00000006e4800000, 0x0000000800000000)
  region size 4096K, 2 young (8192K), 2 survivors (8192K)
 Metaspace       used 38267K, committed 38720K, reserved 1114112K
  class space    used 5250K, committed 5440K, reserved 1048576K
GC Heap History (20 events):
Event: 0.867 GC heap after
{Heap after GC invocations=2 (full 0):
 garbage-first heap   total 131072K, used 9562K [0x00000006e4800000, 0x0000000800000000)
  region size 4096K, 1 young (4096K), 1 survivors (4096K)
 Metaspace       used 1192K, committed 1344K, reserved 1114112K
  class space    used 95K, committed 128K, reserved 1048576K
}
Event: 1.733 GC heap before
{Heap before GC invocations=2 (full 0):
 garbage-first heap   total 131072K, used 25946K [0x00000006e4800000, 0x0000000800000000)
  region size 4096K, 5 young (20480K), 1 survivors (4096K)
 Metaspace       used 3934K, committed 4096K, reserved 1114112K
  class space    used 489K, committed 576K, reserved 1048576K
}
Event: 1.740 GC heap after
{Heap after GC invocations=3 (full 0):
 garbage-first heap   total 131072K, used 10690K [0x00000006e4800000, 0x0000000800000000)
  region size 4096K, 1 young (4096K), 1 survivors (4096K)
 Metaspace       used 3934K, committed 4096K, reserved 1114112K
  class space    used 489K, committed 576K, reserved 1048576K
}
Event: 13.552 GC heap before
{Heap before GC invocations=3 (full 0):
 garbage-first heap   total 131072K, used 72130K [0x00000006e4800000, 0x0000000800000000)
  region size 4096K, 16 young (65536K), 1 survivors (4096K)
 Metaspace       used 11210K, committed 11392K, reserved 1114112K
  class space    used 1527K, committed 1600K, reserved 1048576K
}
Event: 13.565 GC heap after
{Heap after GC invocations=4 (full 0):
 garbage-first heap   total 131072K, used 18259K [0x00000006e4800000, 0x0000000800000000)
  region size 4096K, 2 young (8192K), 2 survivors (8192K)
 Metaspace       used 11210K, committed 11392K, reserved 1114112K
  class space    used 1527K, committed 1600K, reserved 1048576K
}
Event: 15.161 GC heap before
{Heap before GC invocations=4 (full 0):
 garbage-first heap   total 131072K, used 71507K [0x00000006e4800000, 0x0000000800000000)
  region size 4096K, 16 young (65536K), 2 survivors (8192K)
 Metaspace       used 19259K, committed 19648K, reserved 1114112K
  class space    used 2842K, committed 3008K, reserved 1048576K
}
Event: 15.176 GC heap after
{Heap after GC invocations=5 (full 0):
 garbage-first heap   total 131072K, used 21848K [0x00000006e4800000, 0x0000000800000000)
  region size 4096K, 1 young (4096K), 1 survivors (4096K)
 Metaspace       used 19259K, committed 19648K, reserved 1114112K
  class space    used 2842K, committed 3008K, reserved 1048576K
}
Event: 15.676 GC heap before
{Heap before GC invocations=5 (full 0):
 garbage-first heap   total 131072K, used 38232K [0x00000006e4800000, 0x0000000800000000)
  region size 4096K, 6 young (24576K), 1 survivors (4096K)
 Metaspace       used 21217K, committed 21504K, reserved 1114112K
  class space    used 3127K, committed 3264K, reserved 1048576K
}
Event: 15.682 GC heap after
{Heap after GC invocations=6 (full 0):
 garbage-first heap   total 131072K, used 22282K [0x00000006e4800000, 0x0000000800000000)
  region size 4096K, 1 young (4096K), 1 survivors (4096K)
 Metaspace       used 21217K, committed 21504K, reserved 1114112K
  class space    used 3127K, committed 3264K, reserved 1048576K
}
Event: 17.354 GC heap before
{Heap before GC invocations=7 (full 0):
 garbage-first heap   total 98304K, used 75530K [0x00000006e4800000, 0x0000000800000000)
  region size 4096K, 14 young (57344K), 1 survivors (4096K)
 Metaspace       used 29350K, committed 29696K, reserved 1114112K
  class space    used 4116K, committed 4288K, reserved 1048576K
}
Event: 17.373 GC heap after
{Heap after GC invocations=8 (full 0):
 garbage-first heap   total 98304K, used 26899K [0x00000006e4800000, 0x0000000800000000)
  region size 4096K, 2 young (8192K), 2 survivors (8192K)
 Metaspace       used 29350K, committed 29696K, reserved 1114112K
  class space    used 4116K, committed 4288K, reserved 1048576K
}
Event: 17.400 GC heap before
{Heap before GC invocations=8 (full 0):
 garbage-first heap   total 98304K, used 30995K [0x00000006e4800000, 0x0000000800000000)
  region size 4096K, 3 young (12288K), 2 survivors (8192K)
 Metaspace       used 29350K, committed 29696K, reserved 1114112K
  class space    used 4116K, committed 4288K, reserved 1048576K
}
Event: 17.419 GC heap after
{Heap after GC invocations=9 (full 0):
 garbage-first heap   total 98304K, used 28174K [0x00000006e4800000, 0x0000000800000000)
  region size 4096K, 1 young (4096K), 1 survivors (4096K)
 Metaspace       used 29350K, committed 29696K, reserved 1114112K
  class space    used 4116K, committed 4288K, reserved 1048576K
}
Event: 18.251 GC heap before
{Heap before GC invocations=9 (full 0):
 garbage-first heap   total 98304K, used 65038K [0x00000006e4800000, 0x0000000800000000)
  region size 4096K, 10 young (40960K), 1 survivors (4096K)
 Metaspace       used 32734K, committed 33024K, reserved 1114112K
  class space    used 4673K, committed 4800K, reserved 1048576K
}
Event: 18.259 GC heap after
{Heap after GC invocations=10 (full 0):
 garbage-first heap   total 98304K, used 29661K [0x00000006e4800000, 0x0000000800000000)
  region size 4096K, 1 young (4096K), 1 survivors (4096K)
 Metaspace       used 32734K, committed 33024K, reserved 1114112K
  class space    used 4673K, committed 4800K, reserved 1048576K
}
Event: 19.197 GC heap before
{Heap before GC invocations=10 (full 0):
 garbage-first heap   total 98304K, used 58333K [0x00000006e4800000, 0x0000000800000000)
  region size 4096K, 9 young (36864K), 1 survivors (4096K)
 Metaspace       used 35808K, committed 36160K, reserved 1114112K
  class space    used 5000K, committed 5184K, reserved 1048576K
}
Event: 19.206 GC heap after
{Heap after GC invocations=11 (full 0):
 garbage-first heap   total 98304K, used 31271K [0x00000006e4800000, 0x0000000800000000)
  region size 4096K, 2 young (8192K), 2 survivors (8192K)
 Metaspace       used 35808K, committed 36160K, reserved 1114112K
  class space    used 5000K, committed 5184K, reserved 1048576K
}
Event: 20.097 GC heap before
{Heap before GC invocations=12 (full 0):
 garbage-first heap   total 98304K, used 64039K [0x00000006e4800000, 0x0000000800000000)
  region size 4096K, 11 young (45056K), 2 survivors (8192K)
 Metaspace       used 38233K, committed 38656K, reserved 1114112K
  class space    used 5250K, committed 5440K, reserved 1048576K
}
Event: 20.109 GC heap after
{Heap after GC invocations=13 (full 0):
 garbage-first heap   total 98304K, used 33831K [0x00000006e4800000, 0x0000000800000000)
  region size 4096K, 2 young (8192K), 2 survivors (8192K)
 Metaspace       used 38233K, committed 38656K, reserved 1114112K
  class space    used 5250K, committed 5440K, reserved 1048576K
}
Event: 20.416 GC heap before
{Heap before GC invocations=13 (full 0):
 garbage-first heap   total 98304K, used 70695K [0x00000006e4800000, 0x0000000800000000)
  region size 4096K, 11 young (45056K), 2 survivors (8192K)
 Metaspace       used 38267K, committed 38720K, reserved 1114112K
  class space    used 5250K, committed 5440K, reserved 1048576K
}

